mode: atomic
goapi/internal/api/handlers/data/delete.go:15.104,17.16 2 4
goapi/internal/api/handlers/data/delete.go:17.16,22.3 3 1
goapi/internal/api/handlers/data/delete.go:24.2,28.16 4 3
goapi/internal/api/handlers/data/delete.go:28.16,32.3 3 1
goapi/internal/api/handlers/data/delete.go:35.2,35.14 1 2
goapi/internal/api/handlers/data/delete.go:35.14,39.3 3 1
goapi/internal/api/handlers/data/delete.go:42.2,42.37 1 1
goapi/internal/api/handlers/data/get.go:15.101,17.16 2 3
goapi/internal/api/handlers/data/get.go:17.16,18.37 1 3
goapi/internal/api/handlers/data/get.go:18.37,21.4 1 3
goapi/internal/api/handlers/data/get.go:21.9,26.4 3 0
goapi/internal/api/handlers/data/get.go:29.2,33.16 4 3
goapi/internal/api/handlers/data/get.go:33.16,37.3 3 1
goapi/internal/api/handlers/data/get.go:38.2,38.20 1 2
goapi/internal/api/handlers/data/get.go:38.20,42.3 3 1
goapi/internal/api/handlers/data/get.go:45.2,46.56 2 1
goapi/internal/api/handlers/data/get.go:46.56,50.3 3 0
goapi/internal/api/handlers/data/getbyid.go:15.105,18.16 2 4
goapi/internal/api/handlers/data/getbyid.go:18.16,23.3 3 1
goapi/internal/api/handlers/data/getbyid.go:25.2,29.16 4 3
goapi/internal/api/handlers/data/getbyid.go:29.16,33.3 3 1
goapi/internal/api/handlers/data/getbyid.go:34.2,34.17 1 2
goapi/internal/api/handlers/data/getbyid.go:34.17,39.3 3 1
goapi/internal/api/handlers/data/getbyid.go:41.2,43.56 2 1
goapi/internal/api/handlers/data/getbyid.go:43.56,47.3 3 0
goapi/internal/api/handlers/data/options.go:7.61,13.2 4 1
goapi/internal/api/handlers/data/post.go:15.102,19.62 2 3
goapi/internal/api/handlers/data/post.go:19.62,25.3 3 1
goapi/internal/api/handlers/data/post.go:27.2,31.46 3 2
goapi/internal/api/handlers/data/post.go:31.46,32.21 1 1
goapi/internal/api/handlers/data/post.go:33.26,37.10 3 1
goapi/internal/api/handlers/data/post.go:38.11,42.10 3 0
goapi/internal/api/handlers/data/post.go:47.2,48.56 2 1
goapi/internal/api/handlers/data/post.go:48.56,52.3 3 0
goapi/internal/api/handlers/data/put.go:15.101,19.62 2 4
goapi/internal/api/handlers/data/put.go:19.62,24.3 3 1
goapi/internal/api/handlers/data/put.go:26.2,30.51 3 3
goapi/internal/api/handlers/data/put.go:30.51,31.21 1 1
goapi/internal/api/handlers/data/put.go:32.26,36.10 3 1
goapi/internal/api/handlers/data/put.go:37.11,41.10 3 0
goapi/internal/api/handlers/data/put.go:43.8,43.21 1 2
goapi/internal/api/handlers/data/put.go:43.21,48.3 3 1
goapi/internal/api/handlers/data/put.go:51.2,52.56 2 1
goapi/internal/api/handlers/data/put.go:52.56,56.3 3 0
goapi/internal/api/handlers/device_config/delete.go:15.123,19.16 3 5
goapi/internal/api/handlers/device_config/delete.go:19.16,23.3 3 1
goapi/internal/api/handlers/device_config/delete.go:25.2,31.16 5 4
goapi/internal/api/handlers/device_config/delete.go:31.16,35.3 3 1
goapi/internal/api/handlers/device_config/delete.go:37.2,37.23 1 3
goapi/internal/api/handlers/device_config/delete.go:37.23,41.3 3 2
goapi/internal/api/handlers/device_config/delete.go:43.2,44.71 2 1
goapi/internal/api/handlers/device_config/get.go:18.120,31.20 8 9
goapi/internal/api/handlers/device_config/get.go:31.20,33.17 2 4
goapi/internal/api/handlers/device_config/get.go:33.17,34.22 1 2
goapi/internal/api/handlers/device_config/get.go:35.41,38.11 3 1
goapi/internal/api/handlers/device_config/get.go:39.12,42.11 3 1
goapi/internal/api/handlers/device_config/get.go:45.3,45.20 1 2
goapi/internal/api/handlers/device_config/get.go:45.20,49.4 3 1
goapi/internal/api/handlers/device_config/get.go:50.3,51.59 2 1
goapi/internal/api/handlers/device_config/get.go:51.59,55.4 3 0
goapi/internal/api/handlers/device_config/get.go:56.3,56.9 1 1
goapi/internal/api/handlers/device_config/get.go:60.2,61.16 2 5
goapi/internal/api/handlers/device_config/get.go:61.16,65.3 3 1
goapi/internal/api/handlers/device_config/get.go:67.2,68.59 2 4
goapi/internal/api/handlers/device_config/get.go:68.59,72.3 3 0
goapi/internal/api/handlers/device_config/getbyid.go:15.124,19.16 3 7
goapi/internal/api/handlers/device_config/getbyid.go:19.16,23.3 3 1
goapi/internal/api/handlers/device_config/getbyid.go:25.2,30.16 4 6
goapi/internal/api/handlers/device_config/getbyid.go:30.16,34.3 3 1
goapi/internal/api/handlers/device_config/getbyid.go:36.2,36.19 1 5
goapi/internal/api/handlers/device_config/getbyid.go:36.19,40.3 3 4
goapi/internal/api/handlers/device_config/getbyid.go:42.2,43.58 2 1
goapi/internal/api/handlers/device_config/getbyid.go:43.58,47.3 3 0
goapi/internal/api/handlers/device_config/options.go:6.61,8.2 1 11
goapi/internal/api/handlers/device_config/post.go:15.121,19.64 2 4
goapi/internal/api/handlers/device_config/post.go:19.64,23.3 3 1
goapi/internal/api/handlers/device_config/post.go:25.2,29.53 3 3
goapi/internal/api/handlers/device_config/post.go:29.53,30.21 1 2
goapi/internal/api/handlers/device_config/post.go:31.40,35.10 3 1
goapi/internal/api/handlers/device_config/post.go:36.11,40.74 2 1
goapi/internal/api/handlers/device_config/post.go:40.74,44.5 3 1
goapi/internal/api/handlers/device_config/post.go:45.4,46.10 2 0
goapi/internal/api/handlers/device_config/post.go:51.2,52.58 2 1
goapi/internal/api/handlers/device_config/post.go:52.58,56.3 3 0
goapi/internal/api/handlers/device_config/put.go:15.120,19.64 2 9
goapi/internal/api/handlers/device_config/put.go:19.64,23.3 3 2
goapi/internal/api/handlers/device_config/put.go:26.2,26.20 1 7
goapi/internal/api/handlers/device_config/put.go:26.20,30.3 3 1
goapi/internal/api/handlers/device_config/put.go:32.2,37.16 4 6
goapi/internal/api/handlers/device_config/put.go:37.16,38.21 1 2
goapi/internal/api/handlers/device_config/put.go:39.40,43.10 3 1
goapi/internal/api/handlers/device_config/put.go:44.11,48.10 3 1
goapi/internal/api/handlers/device_config/put.go:52.2,52.23 1 4
goapi/internal/api/handlers/device_config/put.go:52.23,56.3 3 1
goapi/internal/api/handlers/device_config/put.go:59.2,60.58 2 3
goapi/internal/api/handlers/device_config/put.go:60.58,64.3 3 0
goapi/internal/api/middleware/basic_authentication.go:9.68,11.71 1 5
goapi/internal/api/middleware/basic_authentication.go:11.71,14.37 1 5
goapi/internal/api/middleware/basic_authentication.go:14.37,17.4 2 0
goapi/internal/api/middleware/basic_authentication.go:19.3,21.23 2 5
goapi/internal/api/middleware/basic_authentication.go:21.23,25.4 3 1
goapi/internal/api/middleware/basic_authentication.go:28.3,29.57 2 4
goapi/internal/api/middleware/basic_authentication.go:29.57,33.4 3 1
goapi/internal/api/middleware/basic_authentication.go:36.3,37.17 2 3
goapi/internal/api/middleware/basic_authentication.go:37.17,41.4 3 1
goapi/internal/api/middleware/basic_authentication.go:44.3,45.28 2 2
goapi/internal/api/middleware/basic_authentication.go:45.28,49.4 3 1
goapi/internal/api/middleware/basic_authentication.go:51.3,53.40 2 1
goapi/internal/api/middleware/basic_authentication.go:53.40,57.4 3 1
goapi/internal/api/middleware/basic_authentication.go:60.3,60.23 1 0
goapi/internal/api/middleware/basic_authentication.go:64.51,68.2 1 1
goapi/internal/api/middleware/common.go:10.78,11.33 1 0
goapi/internal/api/middleware/common.go:11.33,13.3 1 0
goapi/internal/api/middleware/common.go:14.2,14.10 1 0
goapi/internal/api/middleware/common.go:17.55,19.71 1 2
goapi/internal/api/middleware/common.go:19.71,22.37 1 2
goapi/internal/api/middleware/common.go:22.37,25.4 2 0
goapi/internal/api/middleware/common.go:28.3,28.75 1 2
goapi/internal/api/middleware/common.go:28.75,32.4 3 1
goapi/internal/api/middleware/common.go:36.3,38.23 3 1
goapi/internal/api/handlers/maze_device/delete.go:15.125,19.16 3 5
goapi/internal/api/handlers/maze_device/delete.go:19.16,23.3 3 1
goapi/internal/api/handlers/maze_device/delete.go:25.2,31.16 5 4
goapi/internal/api/handlers/maze_device/delete.go:31.16,35.3 3 1
goapi/internal/api/handlers/maze_device/delete.go:37.2,37.23 1 3
goapi/internal/api/handlers/maze_device/delete.go:37.23,41.3 3 2
goapi/internal/api/handlers/maze_device/delete.go:43.2,44.76 2 1
goapi/internal/api/handlers/maze_device/get.go:16.122,29.20 8 8
goapi/internal/api/handlers/maze_device/get.go:29.20,31.17 2 3
goapi/internal/api/handlers/maze_device/get.go:31.17,32.22 1 2
goapi/internal/api/handlers/maze_device/get.go:33.43,36.11 3 1
goapi/internal/api/handlers/maze_device/get.go:37.12,40.11 3 1
goapi/internal/api/handlers/maze_device/get.go:43.3,44.61 2 1
goapi/internal/api/handlers/maze_device/get.go:44.61,48.4 3 0
goapi/internal/api/handlers/maze_device/get.go:49.3,49.9 1 1
goapi/internal/api/handlers/maze_device/get.go:53.2,54.16 2 5
goapi/internal/api/handlers/maze_device/get.go:54.16,58.3 3 1
goapi/internal/api/handlers/maze_device/get.go:60.2,61.60 2 4
goapi/internal/api/handlers/maze_device/get.go:61.60,65.3 3 0
goapi/internal/api/handlers/maze_device/getbyid.go:15.126,19.16 3 7
goapi/internal/api/handlers/maze_device/getbyid.go:19.16,23.3 3 1
goapi/internal/api/handlers/maze_device/getbyid.go:25.2,30.16 4 6
goapi/internal/api/handlers/maze_device/getbyid.go:30.16,34.3 3 1
goapi/internal/api/handlers/maze_device/getbyid.go:36.2,36.19 1 5
goapi/internal/api/handlers/maze_device/getbyid.go:36.19,40.3 3 4
goapi/internal/api/handlers/maze_device/getbyid.go:42.2,43.58 2 1
goapi/internal/api/handlers/maze_device/getbyid.go:43.58,47.3 3 0
goapi/internal/api/handlers/maze_device/options.go:6.61,8.2 1 11
goapi/internal/api/handlers/maze_device/post.go:15.123,19.64 2 3
goapi/internal/api/handlers/maze_device/post.go:19.64,23.3 3 1
goapi/internal/api/handlers/maze_device/post.go:25.2,29.53 3 2
goapi/internal/api/handlers/maze_device/post.go:29.53,30.21 1 1
goapi/internal/api/handlers/maze_device/post.go:31.42,35.10 3 1
goapi/internal/api/handlers/maze_device/post.go:36.11,40.10 3 0
goapi/internal/api/handlers/maze_device/post.go:45.2,46.58 2 1
goapi/internal/api/handlers/maze_device/post.go:46.58,50.3 3 0
goapi/internal/api/handlers/maze_device/put.go:15.122,19.64 2 8
goapi/internal/api/handlers/maze_device/put.go:19.64,23.3 3 2
goapi/internal/api/handlers/maze_device/put.go:26.2,26.20 1 6
goapi/internal/api/handlers/maze_device/put.go:26.20,30.3 3 1
goapi/internal/api/handlers/maze_device/put.go:32.2,37.16 4 5
goapi/internal/api/handlers/maze_device/put.go:37.16,38.21 1 2
goapi/internal/api/handlers/maze_device/put.go:39.42,43.10 3 1
goapi/internal/api/handlers/maze_device/put.go:44.11,48.10 3 1
goapi/internal/api/handlers/maze_device/put.go:52.2,52.23 1 3
goapi/internal/api/handlers/maze_device/put.go:52.23,56.3 3 1
goapi/internal/api/handlers/maze_device/put.go:59.2,60.58 2 2
goapi/internal/api/handlers/maze_device/put.go:60.58,64.3 3 0
goapi/cmd/api/main.go:26.50,29.16 2 0
goapi/cmd/api/main.go:29.16,32.3 1 0
goapi/cmd/api/main.go:33.2,33.89 1 0
goapi/cmd/api/main.go:36.13,45.16 5 0
goapi/cmd/api/main.go:45.16,48.3 2 0
goapi/cmd/api/main.go:49.2,62.55 6 0
goapi/cmd/api/main.go:62.55,64.34 1 0
goapi/cmd/api/main.go:64.34,66.4 1 0
goapi/cmd/api/main.go:67.3,68.9 2 0
goapi/cmd/api/main.go:72.94,78.12 3 0
goapi/cmd/api/main.go:78.12,81.43 3 0
goapi/cmd/api/main.go:81.43,83.4 1 0
goapi/internal/api/repository/DAL/SQLite/data.go:20.99,36.19 2 0
goapi/internal/api/repository/DAL/SQLite/data.go:36.19,39.3 2 0
goapi/internal/api/repository/DAL/SQLite/data.go:42.2,43.16 2 0
goapi/internal/api/repository/DAL/SQLite/data.go:43.16,46.3 2 0
goapi/internal/api/repository/DAL/SQLite/data.go:47.2,50.16 3 0
goapi/internal/api/repository/DAL/SQLite/data.go:50.16,53.3 2 0
goapi/internal/api/repository/DAL/SQLite/data.go:54.2,57.16 3 0
goapi/internal/api/repository/DAL/SQLite/data.go:57.16,60.3 2 0
goapi/internal/api/repository/DAL/SQLite/data.go:61.2,64.16 3 0
goapi/internal/api/repository/DAL/SQLite/data.go:64.16,67.3 2 0
goapi/internal/api/repository/DAL/SQLite/data.go:68.2,71.16 3 0
goapi/internal/api/repository/DAL/SQLite/data.go:71.16,74.3 2 0
goapi/internal/api/repository/DAL/SQLite/data.go:75.2,79.18 3 0
goapi/internal/api/repository/DAL/SQLite/data.go:82.52,91.2 7 0
goapi/internal/api/repository/DAL/SQLite/data.go:93.79,96.16 2 0
goapi/internal/api/repository/DAL/SQLite/data.go:96.16,98.3 1 0
goapi/internal/api/repository/DAL/SQLite/data.go:99.2,100.16 2 0
goapi/internal/api/repository/DAL/SQLite/data.go:100.16,102.3 1 0
goapi/internal/api/repository/DAL/SQLite/data.go:103.2,104.12 2 0
goapi/internal/api/repository/DAL/SQLite/data.go:107.85,111.16 4 0
goapi/internal/api/repository/DAL/SQLite/data.go:111.16,112.27 1 0
goapi/internal/api/repository/DAL/SQLite/data.go:112.27,114.4 1 0
goapi/internal/api/repository/DAL/SQLite/data.go:115.3,115.18 1 0
goapi/internal/api/repository/DAL/SQLite/data.go:117.2,117.19 1 0
goapi/internal/api/repository/DAL/SQLite/data.go:120.107,122.14 1 0
goapi/internal/api/repository/DAL/SQLite/data.go:122.14,124.3 1 0
goapi/internal/api/repository/DAL/SQLite/data.go:126.2,128.16 3 0
goapi/internal/api/repository/DAL/SQLite/data.go:128.16,130.3 1 0
goapi/internal/api/repository/DAL/SQLite/data.go:131.2,134.18 3 0
goapi/internal/api/repository/DAL/SQLite/data.go:134.18,137.17 3 0
goapi/internal/api/repository/DAL/SQLite/data.go:137.17,139.4 1 0
goapi/internal/api/repository/DAL/SQLite/data.go:140.3,140.26 1 0
goapi/internal/api/repository/DAL/SQLite/data.go:142.2,142.18 1 0
goapi/internal/api/repository/DAL/SQLite/data.go:145.60,147.16 2 0
goapi/internal/api/repository/DAL/SQLite/data.go:147.16,149.3 1 0
goapi/internal/api/repository/DAL/SQLite/data.go:150.2,153.18 3 0
goapi/internal/api/repository/DAL/SQLite/data.go:153.18,156.17 3 0
goapi/internal/api/repository/DAL/SQLite/data.go:156.17,158.4 1 0
goapi/internal/api/repository/DAL/SQLite/data.go:159.3,159.26 1 0
goapi/internal/api/repository/DAL/SQLite/data.go:161.2,161.18 1 0
goapi/internal/api/repository/DAL/SQLite/data.go:164.88,166.16 2 0
goapi/internal/api/repository/DAL/SQLite/data.go:166.16,168.3 1 0
goapi/internal/api/repository/DAL/SQLite/data.go:169.2,170.16 2 0
goapi/internal/api/repository/DAL/SQLite/data.go:170.16,172.3 1 0
goapi/internal/api/repository/DAL/SQLite/data.go:173.2,173.26 1 0
goapi/internal/api/repository/DAL/SQLite/data.go:176.88,178.16 2 0
goapi/internal/api/repository/DAL/SQLite/data.go:178.16,180.3 1 0
goapi/internal/api/repository/DAL/SQLite/data.go:181.2,182.16 2 0
goapi/internal/api/repository/DAL/SQLite/data.go:182.16,184.3 1 0
goapi/internal/api/repository/DAL/SQLite/data.go:185.2,185.26 1 0
goapi/internal/api/repository/DAL/SQLite/device_config.go:21.115,35.19 2 0
goapi/internal/api/repository/DAL/SQLite/device_config.go:35.19,38.3 2 0
goapi/internal/api/repository/DAL/SQLite/device_config.go:41.2,41.130 1 0
goapi/internal/api/repository/DAL/SQLite/device_config.go:41.130,44.3 2 0
goapi/internal/api/repository/DAL/SQLite/device_config.go:47.2,48.16 2 0
goapi/internal/api/repository/DAL/SQLite/device_config.go:48.16,51.3 2 0
goapi/internal/api/repository/DAL/SQLite/device_config.go:52.2,55.16 3 0
goapi/internal/api/repository/DAL/SQLite/device_config.go:55.16,58.3 2 0
goapi/internal/api/repository/DAL/SQLite/device_config.go:59.2,62.16 3 0
goapi/internal/api/repository/DAL/SQLite/device_config.go:62.16,65.3 2 0
goapi/internal/api/repository/DAL/SQLite/device_config.go:66.2,69.16 3 0
goapi/internal/api/repository/DAL/SQLite/device_config.go:69.16,72.3 2 0
goapi/internal/api/repository/DAL/SQLite/device_config.go:73.2,76.16 3 0
goapi/internal/api/repository/DAL/SQLite/device_config.go:76.16,79.3 2 0
goapi/internal/api/repository/DAL/SQLite/device_config.go:80.2,83.16 3 0
goapi/internal/api/repository/DAL/SQLite/device_config.go:83.16,86.3 2 0
goapi/internal/api/repository/DAL/SQLite/device_config.go:87.2,91.18 3 0
goapi/internal/api/repository/DAL/SQLite/device_config.go:94.72,103.2 8 0
goapi/internal/api/repository/DAL/SQLite/device_config.go:105.97,107.16 2 0
goapi/internal/api/repository/DAL/SQLite/device_config.go:107.16,109.3 1 0
goapi/internal/api/repository/DAL/SQLite/device_config.go:110.2,111.16 2 0
goapi/internal/api/repository/DAL/SQLite/device_config.go:111.16,113.3 1 0
goapi/internal/api/repository/DAL/SQLite/device_config.go:114.2,115.12 2 0
goapi/internal/api/repository/DAL/SQLite/device_config.go:118.101,122.16 4 0
goapi/internal/api/repository/DAL/SQLite/device_config.go:122.16,123.27 1 0
goapi/internal/api/repository/DAL/SQLite/device_config.go:123.27,125.4 1 0
goapi/internal/api/repository/DAL/SQLite/device_config.go:126.3,126.18 1 0
goapi/internal/api/repository/DAL/SQLite/device_config.go:128.2,128.21 1 0
goapi/internal/api/repository/DAL/SQLite/device_config.go:131.117,135.16 4 0
goapi/internal/api/repository/DAL/SQLite/device_config.go:135.16,136.27 1 0
goapi/internal/api/repository/DAL/SQLite/device_config.go:136.27,138.4 1 0
goapi/internal/api/repository/DAL/SQLite/device_config.go:139.3,139.18 1 0
goapi/internal/api/repository/DAL/SQLite/device_config.go:141.2,141.21 1 0
goapi/internal/api/repository/DAL/SQLite/device_config.go:144.123,145.14 1 0
goapi/internal/api/repository/DAL/SQLite/device_config.go:145.14,147.3 1 0
goapi/internal/api/repository/DAL/SQLite/device_config.go:149.2,151.16 3 0
goapi/internal/api/repository/DAL/SQLite/device_config.go:151.16,153.3 1 0
goapi/internal/api/repository/DAL/SQLite/device_config.go:154.2,157.18 3 0
goapi/internal/api/repository/DAL/SQLite/device_config.go:157.18,160.17 3 0
goapi/internal/api/repository/DAL/SQLite/device_config.go:160.17,162.4 1 0
goapi/internal/api/repository/DAL/SQLite/device_config.go:163.3,163.32 1 0
goapi/internal/api/repository/DAL/SQLite/device_config.go:165.2,165.21 1 0
goapi/internal/api/repository/DAL/SQLite/device_config.go:168.95,170.16 2 0
goapi/internal/api/repository/DAL/SQLite/device_config.go:170.16,172.3 1 0
goapi/internal/api/repository/DAL/SQLite/device_config.go:173.2,176.18 3 0
goapi/internal/api/repository/DAL/SQLite/device_config.go:176.18,179.17 3 0
goapi/internal/api/repository/DAL/SQLite/device_config.go:179.17,181.4 1 0
goapi/internal/api/repository/DAL/SQLite/device_config.go:182.3,182.32 1 0
goapi/internal/api/repository/DAL/SQLite/device_config.go:184.2,184.21 1 0
goapi/internal/api/repository/DAL/SQLite/device_config.go:187.106,189.16 2 0
goapi/internal/api/repository/DAL/SQLite/device_config.go:189.16,191.3 1 0
goapi/internal/api/repository/DAL/SQLite/device_config.go:192.2,193.16 2 0
goapi/internal/api/repository/DAL/SQLite/device_config.go:193.16,195.3 1 0
goapi/internal/api/repository/DAL/SQLite/device_config.go:196.2,196.26 1 0
goapi/internal/api/repository/DAL/SQLite/device_config.go:199.106,201.16 2 0
goapi/internal/api/repository/DAL/SQLite/device_config.go:201.16,203.3 1 0
goapi/internal/api/repository/DAL/SQLite/device_config.go:204.2,205.16 2 0
goapi/internal/api/repository/DAL/SQLite/device_config.go:205.16,207.3 1 0
goapi/internal/api/repository/DAL/SQLite/device_config.go:208.2,208.26 1 0
goapi/internal/api/repository/DAL/SQLite/maze_device_status.go:21.123,37.19 2 0
goapi/internal/api/repository/DAL/SQLite/maze_device_status.go:37.19,40.3 2 0
goapi/internal/api/repository/DAL/SQLite/maze_device_status.go:43.2,43.140 1 0
goapi/internal/api/repository/DAL/SQLite/maze_device_status.go:43.140,46.3 2 0
goapi/internal/api/repository/DAL/SQLite/maze_device_status.go:49.2,50.16 2 0
goapi/internal/api/repository/DAL/SQLite/maze_device_status.go:50.16,53.3 2 0
goapi/internal/api/repository/DAL/SQLite/maze_device_status.go:54.2,57.16 3 0
goapi/internal/api/repository/DAL/SQLite/maze_device_status.go:57.16,60.3 2 0
goapi/internal/api/repository/DAL/SQLite/maze_device_status.go:61.2,64.16 3 0
goapi/internal/api/repository/DAL/SQLite/maze_device_status.go:64.16,67.3 2 0
goapi/internal/api/repository/DAL/SQLite/maze_device_status.go:68.2,71.16 3 0
goapi/internal/api/repository/DAL/SQLite/maze_device_status.go:71.16,74.3 2 0
goapi/internal/api/repository/DAL/SQLite/maze_device_status.go:75.2,78.16 3 0
goapi/internal/api/repository/DAL/SQLite/maze_device_status.go:78.16,81.3 2 0
goapi/internal/api/repository/DAL/SQLite/maze_device_status.go:82.2,85.16 3 0
goapi/internal/api/repository/DAL/SQLite/maze_device_status.go:85.16,88.3 2 0
goapi/internal/api/repository/DAL/SQLite/maze_device_status.go:89.2,93.18 3 0
goapi/internal/api/repository/DAL/SQLite/maze_device_status.go:96.80,105.2 8 0
goapi/internal/api/repository/DAL/SQLite/maze_device_status.go:107.105,109.16 2 0
goapi/internal/api/repository/DAL/SQLite/maze_device_status.go:109.16,111.3 1 0
goapi/internal/api/repository/DAL/SQLite/maze_device_status.go:112.2,113.16 2 0
goapi/internal/api/repository/DAL/SQLite/maze_device_status.go:113.16,115.3 1 0
goapi/internal/api/repository/DAL/SQLite/maze_device_status.go:116.2,117.12 2 0
goapi/internal/api/repository/DAL/SQLite/maze_device_status.go:120.109,124.16 4 0
goapi/internal/api/repository/DAL/SQLite/maze_device_status.go:124.16,125.27 1 0
goapi/internal/api/repository/DAL/SQLite/maze_device_status.go:125.27,127.4 1 0
goapi/internal/api/repository/DAL/SQLite/maze_device_status.go:128.3,128.18 1 0
goapi/internal/api/repository/DAL/SQLite/maze_device_status.go:130.2,130.21 1 0
goapi/internal/api/repository/DAL/SQLite/maze_device_status.go:133.131,134.14 1 0
goapi/internal/api/repository/DAL/SQLite/maze_device_status.go:134.14,136.3 1 0
goapi/internal/api/repository/DAL/SQLite/maze_device_status.go:138.2,140.16 3 0
goapi/internal/api/repository/DAL/SQLite/maze_device_status.go:140.16,142.3 1 0
goapi/internal/api/repository/DAL/SQLite/maze_device_status.go:143.2,146.18 3 0
goapi/internal/api/repository/DAL/SQLite/maze_device_status.go:146.18,149.17 3 0
goapi/internal/api/repository/DAL/SQLite/maze_device_status.go:149.17,151.4 1 0
goapi/internal/api/repository/DAL/SQLite/maze_device_status.go:152.3,152.34 1 0
goapi/internal/api/repository/DAL/SQLite/maze_device_status.go:154.2,154.22 1 0
goapi/internal/api/repository/DAL/SQLite/maze_device_status.go:157.127,159.16 2 0
goapi/internal/api/repository/DAL/SQLite/maze_device_status.go:159.16,161.3 1 0
goapi/internal/api/repository/DAL/SQLite/maze_device_status.go:162.2,165.18 3 0
goapi/internal/api/repository/DAL/SQLite/maze_device_status.go:165.18,168.17 3 0
goapi/internal/api/repository/DAL/SQLite/maze_device_status.go:168.17,170.4 1 0
goapi/internal/api/repository/DAL/SQLite/maze_device_status.go:171.3,171.34 1 0
goapi/internal/api/repository/DAL/SQLite/maze_device_status.go:173.2,173.22 1 0
goapi/internal/api/repository/DAL/SQLite/maze_device_status.go:176.103,178.16 2 0
goapi/internal/api/repository/DAL/SQLite/maze_device_status.go:178.16,180.3 1 0
goapi/internal/api/repository/DAL/SQLite/maze_device_status.go:181.2,184.18 3 0
goapi/internal/api/repository/DAL/SQLite/maze_device_status.go:184.18,187.17 3 0
goapi/internal/api/repository/DAL/SQLite/maze_device_status.go:187.17,189.4 1 0
goapi/internal/api/repository/DAL/SQLite/maze_device_status.go:190.3,190.34 1 0
goapi/internal/api/repository/DAL/SQLite/maze_device_status.go:192.2,192.22 1 0
goapi/internal/api/repository/DAL/SQLite/maze_device_status.go:195.114,197.16 2 0
goapi/internal/api/repository/DAL/SQLite/maze_device_status.go:197.16,199.3 1 0
goapi/internal/api/repository/DAL/SQLite/maze_device_status.go:200.2,201.16 2 0
goapi/internal/api/repository/DAL/SQLite/maze_device_status.go:201.16,203.3 1 0
goapi/internal/api/repository/DAL/SQLite/maze_device_status.go:204.2,204.26 1 0
goapi/internal/api/repository/DAL/SQLite/maze_device_status.go:207.114,209.16 2 0
goapi/internal/api/repository/DAL/SQLite/maze_device_status.go:209.16,211.3 1 0
goapi/internal/api/repository/DAL/SQLite/maze_device_status.go:212.2,213.16 2 0
goapi/internal/api/repository/DAL/SQLite/maze_device_status.go:213.16,215.3 1 0
goapi/internal/api/repository/DAL/SQLite/maze_device_status.go:216.2,216.26 1 0
goapi/internal/api/repository/DAL/SQLite/sqlite.go:16.64,19.16 2 0
goapi/internal/api/repository/DAL/SQLite/sqlite.go:19.16,21.3 1 0
goapi/internal/api/repository/DAL/SQLite/sqlite.go:24.2,33.20 5 0
goapi/internal/api/repository/DAL/SQLite/sqlite.go:36.39,38.2 1 0
goapi/internal/api/repository/DAL/SQLite/sqlite.go:40.32,42.2 1 0
goapi/internal/api/server/server.go:20.93,24.16 3 0
goapi/internal/api/server/server.go:24.16,26.3 1 0
goapi/internal/api/server/server.go:28.2,29.16 2 0
goapi/internal/api/server/server.go:29.16,31.3 1 0
goapi/internal/api/server/server.go:33.2,34.16 2 0
goapi/internal/api/server/server.go:34.16,36.3 1 0
goapi/internal/api/server/server.go:38.2,49.3 2 0
goapi/internal/api/server/server.go:52.37,55.2 2 0
goapi/internal/api/server/server.go:57.54,60.2 2 0
goapi/internal/api/server/server.go:63.98,66.16 2 0
goapi/internal/api/server/server.go:66.16,68.3 1 0
goapi/internal/api/server/server.go:70.2,70.76 1 0
goapi/internal/api/server/server.go:70.76,72.3 1 0
goapi/internal/api/server/server.go:73.2,73.76 1 0
goapi/internal/api/server/server.go:73.76,75.3 1 0
goapi/internal/api/server/server.go:76.2,76.75 1 0
goapi/internal/api/server/server.go:76.75,78.3 1 0
goapi/internal/api/server/server.go:79.2,79.75 1 0
goapi/internal/api/server/server.go:79.75,81.3 1 0
goapi/internal/api/server/server.go:82.2,82.80 1 0
goapi/internal/api/server/server.go:82.80,84.3 1 0
goapi/internal/api/server/server.go:85.2,85.83 1 0
goapi/internal/api/server/server.go:85.83,87.3 1 0
goapi/internal/api/server/server.go:88.2,88.12 1 0
goapi/internal/api/server/server.go:92.104,95.16 2 0
goapi/internal/api/server/server.go:95.16,97.3 1 0
goapi/internal/api/server/server.go:99.2,99.85 1 0
goapi/internal/api/server/server.go:99.85,101.3 1 0
goapi/internal/api/server/server.go:102.2,102.84 1 0
goapi/internal/api/server/server.go:102.84,104.3 1 0
goapi/internal/api/server/server.go:105.2,105.84 1 0
goapi/internal/api/server/server.go:105.84,107.3 1 0
goapi/internal/api/server/server.go:108.2,108.89 1 0
goapi/internal/api/server/server.go:108.89,110.3 1 0
goapi/internal/api/server/server.go:111.2,111.92 1 0
goapi/internal/api/server/server.go:111.92,113.3 1 0
goapi/internal/api/server/server.go:114.2,114.12 1 0
goapi/internal/api/server/server.go:118.106,121.16 2 0
goapi/internal/api/server/server.go:121.16,123.3 1 0
goapi/internal/api/server/server.go:125.2,125.85 1 0
goapi/internal/api/server/server.go:125.85,127.3 1 0
goapi/internal/api/server/server.go:128.2,128.84 1 0
goapi/internal/api/server/server.go:128.84,130.3 1 0
goapi/internal/api/server/server.go:131.2,131.84 1 0
goapi/internal/api/server/server.go:131.84,133.3 1 0
goapi/internal/api/server/server.go:134.2,134.89 1 0
goapi/internal/api/server/server.go:134.89,136.3 1 0
goapi/internal/api/server/server.go:137.2,137.92 1 0
goapi/internal/api/server/server.go:137.92,139.3 1 0
goapi/internal/api/server/server.go:140.2,140.12 1 0
goapi/internal/api/service/device_config/SQLite.go:14.98,18.2 1 0
goapi/internal/api/service/device_config/SQLite.go:20.100,21.49 1 0
goapi/internal/api/service/device_config/SQLite.go:21.49,23.3 1 0
goapi/internal/api/service/device_config/SQLite.go:24.2,24.35 1 0
goapi/internal/api/service/device_config/SQLite.go:27.104,29.16 2 0
goapi/internal/api/service/device_config/SQLite.go:29.16,31.3 1 0
goapi/internal/api/service/device_config/SQLite.go:32.2,32.20 1 0
goapi/internal/api/service/device_config/SQLite.go:35.120,36.20 1 0
goapi/internal/api/service/device_config/SQLite.go:36.20,38.3 1 0
goapi/internal/api/service/device_config/SQLite.go:39.2,40.16 2 0
goapi/internal/api/service/device_config/SQLite.go:40.16,42.3 1 0
goapi/internal/api/service/device_config/SQLite.go:43.2,43.20 1 0
goapi/internal/api/service/device_config/SQLite.go:46.126,48.2 1 0
goapi/internal/api/service/device_config/SQLite.go:50.109,51.49 1 0
goapi/internal/api/service/device_config/SQLite.go:51.49,53.3 1 0
goapi/internal/api/service/device_config/SQLite.go:54.2,54.35 1 0
goapi/internal/api/service/device_config/SQLite.go:57.109,59.2 1 0
goapi/internal/api/service/device_config/SQLite.go:62.87,66.56 2 14
goapi/internal/api/service/device_config/SQLite.go:66.56,68.3 1 3
goapi/internal/api/service/device_config/SQLite.go:71.2,71.59 1 14
goapi/internal/api/service/device_config/SQLite.go:71.59,73.3 1 4
goapi/internal/api/service/device_config/SQLite.go:76.2,76.65 1 14
goapi/internal/api/service/device_config/SQLite.go:76.65,78.3 1 4
goapi/internal/api/service/device_config/SQLite.go:81.2,82.16 2 14
goapi/internal/api/service/device_config/SQLite.go:82.16,84.3 1 2
goapi/internal/api/service/device_config/SQLite.go:84.8,86.55 1 12
goapi/internal/api/service/device_config/SQLite.go:86.55,88.4 1 1
goapi/internal/api/service/device_config/SQLite.go:91.2,91.18 1 14
goapi/internal/api/service/device_config/SQLite.go:91.18,93.3 1 11
goapi/internal/api/service/device_config/SQLite.go:94.2,94.12 1 3
goapi/internal/api/service/device_config/common.go:24.43,26.2 1 11
goapi/internal/api/service/maze_device/SQLite.go:14.110,18.2 1 0
goapi/internal/api/service/maze_device/SQLite.go:20.108,21.49 1 0
goapi/internal/api/service/maze_device/SQLite.go:21.49,23.3 1 0
goapi/internal/api/service/maze_device/SQLite.go:24.2,24.35 1 0
goapi/internal/api/service/maze_device/SQLite.go:27.112,29.16 2 0
goapi/internal/api/service/maze_device/SQLite.go:29.16,31.3 1 0
goapi/internal/api/service/maze_device/SQLite.go:32.2,32.20 1 0
goapi/internal/api/service/maze_device/SQLite.go:35.134,37.2 1 0
goapi/internal/api/service/maze_device/SQLite.go:39.130,40.20 1 0
goapi/internal/api/service/maze_device/SQLite.go:40.20,42.3 1 0
goapi/internal/api/service/maze_device/SQLite.go:43.2,43.45 1 0
goapi/internal/api/service/maze_device/SQLite.go:46.117,47.49 1 0
goapi/internal/api/service/maze_device/SQLite.go:47.49,49.3 1 0
goapi/internal/api/service/maze_device/SQLite.go:50.2,50.35 1 0
goapi/internal/api/service/maze_device/SQLite.go:53.117,55.2 1 0
goapi/internal/api/service/maze_device/SQLite.go:58.95,62.56 2 12
goapi/internal/api/service/maze_device/SQLite.go:62.56,64.3 1 3
goapi/internal/api/service/maze_device/SQLite.go:67.2,67.58 1 12
goapi/internal/api/service/maze_device/SQLite.go:67.58,69.3 1 3
goapi/internal/api/service/maze_device/SQLite.go:72.2,73.16 2 12
goapi/internal/api/service/maze_device/SQLite.go:73.16,75.3 1 2
goapi/internal/api/service/maze_device/SQLite.go:75.8,77.55 1 10
goapi/internal/api/service/maze_device/SQLite.go:77.55,79.4 1 1
goapi/internal/api/service/maze_device/SQLite.go:83.2,83.53 1 12
goapi/internal/api/service/maze_device/SQLite.go:83.53,85.3 1 1
goapi/internal/api/service/maze_device/SQLite.go:87.2,87.18 1 12
goapi/internal/api/service/maze_device/SQLite.go:87.18,89.3 1 8
goapi/internal/api/service/maze_device/SQLite.go:90.2,90.12 1 4
goapi/internal/api/service/maze_device/common.go:24.47,26.2 1 8
goapi/internal/api/service/factory.go:26.101,32.2 1 0
goapi/internal/api/service/factory.go:34.110,36.21 1 0
goapi/internal/api/service/factory.go:38.25,40.17 2 0
goapi/internal/api/service/factory.go:40.17,42.4 1 0
goapi/internal/api/service/factory.go:43.3,44.17 2 0
goapi/internal/api/service/factory.go:45.10,46.71 1 0
goapi/internal/api/service/factory.go:50.138,52.21 1 0
goapi/internal/api/service/factory.go:54.25,56.17 2 0
goapi/internal/api/service/factory.go:56.17,58.4 1 0
goapi/internal/api/service/factory.go:59.3,60.22 2 0
goapi/internal/api/service/factory.go:61.10,62.82 1 0
goapi/internal/api/service/factory.go:66.132,68.21 1 0
goapi/internal/api/service/factory.go:70.25,72.17 2 0
goapi/internal/api/service/factory.go:72.17,74.4 1 0
goapi/internal/api/service/factory.go:75.3,76.22 2 0
goapi/internal/api/service/factory.go:77.10,78.80 1 0
goapi/internal/api/service/data/SQLite.go:14.74,18.2 1 0
goapi/internal/api/service/data/SQLite.go:20.83,22.46 1 0
goapi/internal/api/service/data/SQLite.go:22.46,24.3 1 0
goapi/internal/api/service/data/SQLite.go:25.2,25.34 1 0
goapi/internal/api/service/data/SQLite.go:28.89,31.16 2 0
goapi/internal/api/service/data/SQLite.go:31.16,33.3 1 0
goapi/internal/api/service/data/SQLite.go:35.2,40.18 2 0
goapi/internal/api/service/data/SQLite.go:43.111,45.2 1 0
goapi/internal/api/service/data/SQLite.go:47.92,49.46 1 0
goapi/internal/api/service/data/SQLite.go:49.46,51.3 1 0
goapi/internal/api/service/data/SQLite.go:52.2,52.34 1 0
goapi/internal/api/service/data/SQLite.go:55.92,57.2 1 0
goapi/internal/api/service/data/SQLite.go:59.68,61.52 2 0
goapi/internal/api/service/data/SQLite.go:61.52,63.3 1 0
goapi/internal/api/service/data/SQLite.go:64.2,64.31 1 0
goapi/internal/api/service/data/SQLite.go:64.31,66.3 1 0
goapi/internal/api/service/data/SQLite.go:67.2,67.25 1 0
goapi/internal/api/service/data/SQLite.go:67.25,69.3 1 0
goapi/internal/api/service/data/SQLite.go:70.2,70.33 1 0
goapi/internal/api/service/data/SQLite.go:70.33,72.3 1 0
goapi/internal/api/service/data/SQLite.go:73.2,74.16 2 0
goapi/internal/api/service/data/SQLite.go:74.16,76.3 1 0
goapi/internal/api/service/data/SQLite.go:77.2,77.18 1 0
goapi/internal/api/service/data/SQLite.go:77.18,79.3 1 0
goapi/internal/api/service/data/SQLite.go:80.2,80.12 1 0
goapi/internal/api/service/data/common.go:21.36,23.2 1 0
goapi/internal/api/service/data/mocks.go:11.118,32.2 1 0
goapi/internal/api/service/data/mocks.go:34.96,44.2 1 0
goapi/internal/api/service/data/mocks.go:46.90,48.2 1 0
goapi/internal/api/service/data/mocks.go:50.99,52.2 1 0
goapi/internal/api/service/data/mocks.go:54.99,56.2 1 0
goapi/internal/api/service/data/mocks.go:58.75,60.2 1 0
goapi/internal/api/service/data/mocks.go:66.116,68.2 1 0
goapi/internal/api/service/data/mocks.go:70.94,72.2 1 0
goapi/internal/api/service/data/mocks.go:74.88,76.2 1 0
goapi/internal/api/service/data/mocks.go:78.97,80.2 1 0
goapi/internal/api/service/data/mocks.go:82.97,84.2 1 0
goapi/internal/api/service/data/mocks.go:86.73,88.2 1 0
goapi/internal/api/service/data/mocks.go:93.113,95.2 1 0
goapi/internal/api/service/data/mocks.go:97.91,99.2 1 0
goapi/internal/api/service/data/mocks.go:101.85,103.2 1 0
goapi/internal/api/service/data/mocks.go:105.94,107.2 1 0
goapi/internal/api/service/data/mocks.go:109.94,111.2 1 0
goapi/internal/api/service/data/mocks.go:113.70,115.2 1 0
